<?xml version="1.0" encoding="UTF-8" standalone="no"?>
<!DOCTYPE log SYSTEM "logger.dtd">
<log>
<record>
  <date>2016-03-25T14:15:38</date>
  <millis>1458911738001</millis>
  <sequence>5968</sequence>
  <logger>com.routecostloader.app.RouteCosts_Loader</logger>
  <level>INFO</level>
  <class>com.routecostloader.app.RouteCosts_Loader</class>
  <method>lambda$main$0</method>
  <thread>1</thread>
  <message>JsonToPost=&gt; From_Client:2848, To_Client:4676, JSONRequest: {"options":{"allToAll":true},"locations":[{"latLng":{"lng":-8.88168,"lat":38.88281}},{"latLng":{"lng":-8.73845,"lat":39.142}}]}</message>
</record>
<record>
  <date>2016-03-25T14:15:38</date>
  <millis>1458911738002</millis>
  <sequence>5969</sequence>
  <logger>com.routecostloader.app.RouteCosts_Loader</logger>
  <level>INFO</level>
  <class>com.routecostloader.app.RouteCosts_Loader</class>
  <method>lambda$main$0</method>
  <thread>1</thread>
  <message>JsonToPost=&gt; From_Client:8157, To_Client:8157, JSONRequest: {"options":{"allToAll":true},"locations":[{"latLng":{"lng":-8.58741,"lat":39.17987}},{"latLng":{"lng":-8.58741,"lat":39.17987}}]}</message>
</record>
<record>
  <date>2016-03-25T14:15:38</date>
  <millis>1458911738002</millis>
  <sequence>5970</sequence>
  <logger>com.routecostloader.app.RouteCosts_Loader</logger>
  <level>INFO</level>
  <class>com.routecostloader.app.RouteCosts_Loader</class>
  <method>lambda$main$0</method>
  <thread>1</thread>
  <message>JsonToPost=&gt; From_Client:8157, To_Client:3990, JSONRequest: {"options":{"allToAll":true},"locations":[{"latLng":{"lng":-8.58741,"lat":39.17987}},{"latLng":{"lng":-9.11764,"lat":38.85446}}]}</message>
</record>
<record>
  <date>2016-03-25T14:15:38</date>
  <millis>1458911738002</millis>
  <sequence>5971</sequence>
  <logger>com.routecostloader.app.RouteCosts_Loader</logger>
  <level>INFO</level>
  <class>com.routecostloader.app.RouteCosts_Loader</class>
  <method>lambda$main$0</method>
  <thread>1</thread>
  <message>JsonToPost=&gt; From_Client:8157, To_Client:7619, JSONRequest: {"options":{"allToAll":true},"locations":[{"latLng":{"lng":-8.58741,"lat":39.17987}},{"latLng":{"lng":-8.34733,"lat":39.23867}}]}</message>
</record>
<record>
  <date>2016-03-25T14:15:38</date>
  <millis>1458911738002</millis>
  <sequence>5972</sequence>
  <logger>com.routecostloader.app.RouteCosts_Loader</logger>
  <level>INFO</level>
  <class>com.routecostloader.app.RouteCosts_Loader</class>
  <method>lambda$main$0</method>
  <thread>1</thread>
  <message>JsonToPost=&gt; From_Client:8157, To_Client:8479, JSONRequest: {"options":{"allToAll":true},"locations":[{"latLng":{"lng":-8.58741,"lat":39.17987}},{"latLng":{"lng":-8.78602,"lat":38.99741}}]}</message>
</record>
<record>
  <date>2016-03-25T14:15:38</date>
  <millis>1458911738002</millis>
  <sequence>5973</sequence>
  <logger>com.routecostloader.app.RouteCosts_Loader</logger>
  <level>INFO</level>
  <class>com.routecostloader.app.RouteCosts_Loader</class>
  <method>lambda$main$0</method>
  <thread>1</thread>
  <message>JsonToPost=&gt; From_Client:8157, To_Client:6187, JSONRequest: {"options":{"allToAll":true},"locations":[{"latLng":{"lng":-8.58741,"lat":39.17987}},{"latLng":{"lng":-8.49603,"lat":38.95149}}]}</message>
</record>
<record>
  <date>2016-03-25T14:15:38</date>
  <millis>1458911738002</millis>
  <sequence>5974</sequence>
  <logger>com.routecostloader.app.RouteCosts_Loader</logger>
  <level>INFO</level>
  <class>com.routecostloader.app.RouteCosts_Loader</class>
  <method>lambda$main$0</method>
  <thread>1</thread>
  <message>JsonToPost=&gt; From_Client:8157, To_Client:2344, JSONRequest: {"options":{"allToAll":true},"locations":[{"latLng":{"lng":-8.58741,"lat":39.17987}},{"latLng":{"lng":-8.47926,"lat":38.98714}}]}</message>
</record>
<record>
  <date>2016-03-25T14:15:38</date>
  <millis>1458911738002</millis>
  <sequence>5975</sequence>
  <logger>com.routecostloader.app.RouteCosts_Loader</logger>
  <level>INFO</level>
  <class>com.routecostloader.app.RouteCosts_Loader</class>
  <method>lambda$main$0</method>
  <thread>1</thread>
  <message>JsonToPost=&gt; From_Client:8157, To_Client:3830, JSONRequest: {"options":{"allToAll":true},"locations":[{"latLng":{"lng":-8.58741,"lat":39.17987}},{"latLng":{"lng":-8.78887,"lat":39.06752}}]}</message>
</record>
<record>
  <date>2016-03-25T14:15:38</date>
  <millis>1458911738003</millis>
  <sequence>5976</sequence>
  <logger>com.routecostloader.app.RouteCosts_Loader</logger>
  <level>INFO</level>
  <class>com.routecostloader.app.RouteCosts_Loader</class>
  <method>lambda$main$0</method>
  <thread>1</thread>
  <message>JsonToPost=&gt; From_Client:8157, To_Client:8820, JSONRequest: {"options":{"allToAll":true},"locations":[{"latLng":{"lng":-8.58741,"lat":39.17987}},{"latLng":{"lng":-8.080444,"lat":38.950865}}]}</message>
</record>
<record>
  <date>2016-03-25T14:15:38</date>
  <millis>1458911738003</millis>
  <sequence>5977</sequence>
  <logger>com.routecostloader.app.RouteCosts_Loader</logger>
  <level>INFO</level>
  <class>com.routecostloader.app.RouteCosts_Loader</class>
  <method>lambda$main$0</method>
  <thread>1</thread>
  <message>JsonToPost=&gt; From_Client:8157, To_Client:8223, JSONRequest: {"options":{"allToAll":true},"locations":[{"latLng":{"lng":-8.58741,"lat":39.17987}},{"latLng":{"lng":-8.88051,"lat":38.81406}}]}</message>
</record>
<record>
  <date>2016-03-25T14:15:38</date>
  <millis>1458911738003</millis>
  <sequence>5978</sequence>
  <logger>com.routecostloader.app.RouteCosts_Loader</logger>
  <level>INFO</level>
  <class>com.routecostloader.app.RouteCosts_Loader</class>
  <method>lambda$main$0</method>
  <thread>1</thread>
  <message>JsonToPost=&gt; From_Client:8157, To_Client:2611, JSONRequest: {"options":{"allToAll":true},"locations":[{"latLng":{"lng":-8.58741,"lat":39.17987}},{"latLng":{"lng":-8.74044,"lat":39.10504}}]}</message>
</record>
<record>
  <date>2016-03-25T14:15:38</date>
  <millis>1458911738003</millis>
  <sequence>5979</sequence>
  <logger>com.routecostloader.app.RouteCosts_Loader</logger>
  <level>INFO</level>
  <class>com.routecostloader.app.RouteCosts_Loader</class>
  <method>lambda$main$0</method>
  <thread>1</thread>
  <message>JsonToPost=&gt; From_Client:8157, To_Client:401, JSONRequest: {"options":{"allToAll":true},"locations":[{"latLng":{"lng":-8.58741,"lat":39.17987}},{"latLng":{"lng":-8.75195,"lat":38.98051}}]}</message>
</record>
<record>
  <date>2016-03-25T14:15:38</date>
  <millis>1458911738003</millis>
  <sequence>5980</sequence>
  <logger>com.routecostloader.app.RouteCosts_Loader</logger>
  <level>INFO</level>
  <class>com.routecostloader.app.RouteCosts_Loader</class>
  <method>lambda$main$0</method>
  <thread>1</thread>
  <message>JsonToPost=&gt; From_Client:8157, To_Client:8126, JSONRequest: {"options":{"allToAll":true},"locations":[{"latLng":{"lng":-8.58741,"lat":39.17987}},{"latLng":{"lng":-8.75222,"lat":38.97537}}]}</message>
</record>
<record>
  <date>2016-03-25T14:15:38</date>
  <millis>1458911738003</millis>
  <sequence>5981</sequence>
  <logger>com.routecostloader.app.RouteCosts_Loader</logger>
  <level>INFO</level>
  <class>com.routecostloader.app.RouteCosts_Loader</class>
  <method>lambda$main$0</method>
  <thread>1</thread>
  <message>JsonToPost=&gt; From_Client:8157, To_Client:6411, JSONRequest: {"options":{"allToAll":true},"locations":[{"latLng":{"lng":-8.58741,"lat":39.17987}},{"latLng":{"lng":-8.31776,"lat":39.41696}}]}</message>
</record>
<record>
  <date>2016-03-25T14:15:38</date>
  <millis>1458911738007</millis>
  <sequence>5982</sequence>
  <logger>com.routecostloader.app.RouteCosts_Loader</logger>
  <level>INFO</level>
  <class>com.routecostloader.app.RouteCosts_Loader</class>
  <method>lambda$main$0</method>
  <thread>1</thread>
  <message>JsonToPost=&gt; From_Client:8157, To_Client:2381, JSONRequest: {"options":{"allToAll":true},"locations":[{"latLng":{"lng":-8.58741,"lat":39.17987}},{"latLng":{"lng":-8.77501,"lat":39.02721}}]}</message>
</record>
<record>
  <date>2016-03-25T14:15:38</date>
  <millis>1458911738007</millis>
  <sequence>5983</sequence>
  <logger>com.routecostloader.app.RouteCosts_Loader</logger>
  <level>INFO</level>
  <class>com.routecostloader.app.RouteCosts_Loader</class>
  <method>lambda$main$0</method>
  <thread>1</thread>
  <message>JsonToPost=&gt; From_Client:8157, To_Client:6341, JSONRequest: {"options":{"allToAll":true},"locations":[{"latLng":{"lng":-8.58741,"lat":39.17987}},{"latLng":{"lng":-8.70549,"lat":38.9876}}]}</message>
</record>
<record>
  <date>2016-03-25T14:15:38</date>
  <millis>1458911738007</millis>
  <sequence>5984</sequence>
  <logger>com.routecostloader.app.RouteCosts_Loader</logger>
  <level>INFO</level>
  <class>com.routecostloader.app.RouteCosts_Loader</class>
  <method>lambda$main$0</method>
  <thread>1</thread>
  <message>JsonToPost=&gt; From_Client:8157, To_Client:4676, JSONRequest: {"options":{"allToAll":true},"locations":[{"latLng":{"lng":-8.58741,"lat":39.17987}},{"latLng":{"lng":-8.73845,"lat":39.142}}]}</message>
</record>
<record>
  <date>2016-03-25T14:15:38</date>
  <millis>1458911738007</millis>
  <sequence>5985</sequence>
  <logger>com.routecostloader.app.RouteCosts_Loader</logger>
  <level>INFO</level>
  <class>com.routecostloader.app.RouteCosts_Loader</class>
  <method>lambda$main$0</method>
  <thread>1</thread>
  <message>JsonToPost=&gt; From_Client:3990, To_Client:3990, JSONRequest: {"options":{"allToAll":true},"locations":[{"latLng":{"lng":-9.11764,"lat":38.85446}},{"latLng":{"lng":-9.11764,"lat":38.85446}}]}</message>
</record>
<record>
  <date>2016-03-25T14:15:38</date>
  <millis>1458911738008</millis>
  <sequence>5986</sequence>
  <logger>com.routecostloader.app.RouteCosts_Loader</logger>
  <level>INFO</level>
  <class>com.routecostloader.app.RouteCosts_Loader</class>
  <method>lambda$main$0</method>
  <thread>1</thread>
  <message>JsonToPost=&gt; From_Client:3990, To_Client:7619, JSONRequest: {"options":{"allToAll":true},"locations":[{"latLng":{"lng":-9.11764,"lat":38.85446}},{"latLng":{"lng":-8.34733,"lat":39.23867}}]}</message>
</record>
<record>
  <date>2016-03-25T14:15:38</date>
  <millis>1458911738008</millis>
  <sequence>5987</sequence>
  <logger>com.routecostloader.app.RouteCosts_Loader</logger>
  <level>INFO</level>
  <class>com.routecostloader.app.RouteCosts_Loader</class>
  <method>lambda$main$0</method>
  <thread>1</thread>
  <message>JsonToPost=&gt; From_Client:3990, To_Client:8479, JSONRequest: {"options":{"allToAll":true},"locations":[{"latLng":{"lng":-9.11764,"lat":38.85446}},{"latLng":{"lng":-8.78602,"lat":38.99741}}]}</message>
</record>
<record>
  <date>2016-03-25T14:15:38</date>
  <millis>1458911738008</millis>
  <sequence>5988</sequence>
  <logger>com.routecostloader.app.RouteCosts_Loader</logger>
  <level>INFO</level>
  <class>com.routecostloader.app.RouteCosts_Loader</class>
  <method>lambda$main$0</method>
  <thread>1</thread>
  <message>JsonToPost=&gt; From_Client:3990, To_Client:6187, JSONRequest: {"options":{"allToAll":true},"locations":[{"latLng":{"lng":-9.11764,"lat":38.85446}},{"latLng":{"lng":-8.49603,"lat":38.95149}}]}</message>
</record>
<record>
  <date>2016-03-25T14:15:38</date>
  <millis>1458911738008</millis>
  <sequence>5989</sequence>
  <logger>com.routecostloader.app.RouteCosts_Loader</logger>
  <level>INFO</level>
  <class>com.routecostloader.app.RouteCosts_Loader</class>
  <method>lambda$main$0</method>
  <thread>1</thread>
  <message>JsonToPost=&gt; From_Client:3990, To_Client:2344, JSONRequest: {"options":{"allToAll":true},"locations":[{"latLng":{"lng":-9.11764,"lat":38.85446}},{"latLng":{"lng":-8.47926,"lat":38.98714}}]}</message>
</record>
<record>
  <date>2016-03-25T14:15:38</date>
  <millis>1458911738008</millis>
  <sequence>5990</sequence>
  <logger>com.routecostloader.app.RouteCosts_Loader</logger>
  <level>INFO</level>
  <class>com.routecostloader.app.RouteCosts_Loader</class>
  <method>lambda$main$0</method>
  <thread>1</thread>
  <message>JsonToPost=&gt; From_Client:3990, To_Client:3830, JSONRequest: {"options":{"allToAll":true},"locations":[{"latLng":{"lng":-9.11764,"lat":38.85446}},{"latLng":{"lng":-8.78887,"lat":39.06752}}]}</message>
</record>
<record>
  <date>2016-03-25T14:15:38</date>
  <millis>1458911738008</millis>
  <sequence>5991</sequence>
  <logger>com.routecostloader.app.RouteCosts_Loader</logger>
  <level>INFO</level>
  <class>com.routecostloader.app.RouteCosts_Loader</class>
  <method>lambda$main$0</method>
  <thread>1</thread>
  <message>JsonToPost=&gt; From_Client:3990, To_Client:8820, JSONRequest: {"options":{"allToAll":true},"locations":[{"latLng":{"lng":-9.11764,"lat":38.85446}},{"latLng":{"lng":-8.080444,"lat":38.950865}}]}</message>
</record>
<record>
  <date>2016-03-25T14:15:38</date>
  <millis>1458911738008</millis>
  <sequence>5992</sequence>
  <logger>com.routecostloader.app.RouteCosts_Loader</logger>
  <level>INFO</level>
  <class>com.routecostloader.app.RouteCosts_Loader</class>
  <method>lambda$main$0</method>
  <thread>1</thread>
  <message>JsonToPost=&gt; From_Client:3990, To_Client:8223, JSONRequest: {"options":{"allToAll":true},"locations":[{"latLng":{"lng":-9.11764,"lat":38.85446}},{"latLng":{"lng":-8.88051,"lat":38.81406}}]}</message>
</record>
<record>
  <date>2016-03-25T14:15:38</date>
  <millis>1458911738009</millis>
  <sequence>5993</sequence>
  <logger>com.routecostloader.app.RouteCosts_Loader</logger>
  <level>INFO</level>
  <class>com.routecostloader.app.RouteCosts_Loader</class>
  <method>lambda$main$0</method>
  <thread>1</thread>
  <message>JsonToPost=&gt; From_Client:3990, To_Client:2611, JSONRequest: {"options":{"allToAll":true},"locations":[{"latLng":{"lng":-9.11764,"lat":38.85446}},{"latLng":{"lng":-8.74044,"lat":39.10504}}]}</message>
</record>
<record>
  <date>2016-03-25T14:15:38</date>
  <millis>1458911738009</millis>
  <sequence>5994</sequence>
  <logger>com.routecostloader.app.RouteCosts_Loader</logger>
  <level>INFO</level>
  <class>com.routecostloader.app.RouteCosts_Loader</class>
  <method>lambda$main$0</method>
  <thread>1</thread>
  <message>JsonToPost=&gt; From_Client:3990, To_Client:401, JSONRequest: {"options":{"allToAll":true},"locations":[{"latLng":{"lng":-9.11764,"lat":38.85446}},{"latLng":{"lng":-8.75195,"lat":38.98051}}]}</message>
</record>
<record>
  <date>2016-03-25T14:15:38</date>
  <millis>1458911738009</millis>
  <sequence>5995</sequence>
  <logger>com.routecostloader.app.RouteCosts_Loader</logger>
  <level>INFO</level>
  <class>com.routecostloader.app.RouteCosts_Loader</class>
  <method>lambda$main$0</method>
  <thread>1</thread>
  <message>JsonToPost=&gt; From_Client:3990, To_Client:8126, JSONRequest: {"options":{"allToAll":true},"locations":[{"latLng":{"lng":-9.11764,"lat":38.85446}},{"latLng":{"lng":-8.75222,"lat":38.97537}}]}</message>
</record>
<record>
  <date>2016-03-25T14:15:38</date>
  <millis>1458911738009</millis>
  <sequence>5996</sequence>
  <logger>com.routecostloader.app.RouteCosts_Loader</logger>
  <level>INFO</level>
  <class>com.routecostloader.app.RouteCosts_Loader</class>
  <method>lambda$main$0</method>
  <thread>1</thread>
  <message>JsonToPost=&gt; From_Client:3990, To_Client:6411, JSONRequest: {"options":{"allToAll":true},"locations":[{"latLng":{"lng":-9.11764,"lat":38.85446}},{"latLng":{"lng":-8.31776,"lat":39.41696}}]}</message>
</record>
<record>
  <date>2016-03-25T14:15:38</date>
  <millis>1458911738009</millis>
  <sequence>5997</sequence>
  <logger>com.routecostloader.app.RouteCosts_Loader</logger>
  <level>INFO</level>
  <class>com.routecostloader.app.RouteCosts_Loader</class>
  <method>lambda$main$0</method>
  <thread>1</thread>
  <message>JsonToPost=&gt; From_Client:3990, To_Client:2381, JSONRequest: {"options":{"allToAll":true},"locations":[{"latLng":{"lng":-9.11764,"lat":38.85446}},{"latLng":{"lng":-8.77501,"lat":39.02721}}]}</message>
</record>
<record>
  <date>2016-03-25T14:15:38</date>
  <millis>1458911738010</millis>
  <sequence>5998</sequence>
  <logger>com.routecostloader.app.RouteCosts_Loader</logger>
  <level>INFO</level>
  <class>com.routecostloader.app.RouteCosts_Loader</class>
  <method>lambda$main$0</method>
  <thread>1</thread>
  <message>JsonToPost=&gt; From_Client:3990, To_Client:6341, JSONRequest: {"options":{"allToAll":true},"locations":[{"latLng":{"lng":-9.11764,"lat":38.85446}},{"latLng":{"lng":-8.70549,"lat":38.9876}}]}</message>
</record>
<record>
  <date>2016-03-25T14:15:38</date>
  <millis>1458911738010</millis>
  <sequence>5999</sequence>
  <logger>com.routecostloader.app.RouteCosts_Loader</logger>
  <level>INFO</level>
  <class>com.routecostloader.app.RouteCosts_Loader</class>
  <method>lambda$main$0</method>
  <thread>1</thread>
  <message>JsonToPost=&gt; From_Client:3990, To_Client:4676, JSONRequest: {"options":{"allToAll":true},"locations":[{"latLng":{"lng":-9.11764,"lat":38.85446}},{"latLng":{"lng":-8.73845,"lat":39.142}}]}</message>
</record>
<record>
  <date>2016-03-25T14:15:38</date>
  <millis>1458911738010</millis>
  <sequence>6000</sequence>
  <logger>com.routecostloader.app.RouteCosts_Loader</logger>
  <level>INFO</level>
  <class>com.routecostloader.app.RouteCosts_Loader</class>
  <method>lambda$main$0</method>
  <thread>1</thread>
  <message>JsonToPost=&gt; From_Client:7619, To_Client:7619, JSONRequest: {"options":{"allToAll":true},"locations":[{"latLng":{"lng":-8.34733,"lat":39.23867}},{"latLng":{"lng":-8.34733,"lat":39.23867}}]}</message>
</record>
<record>
  <date>2016-03-25T14:15:38</date>
  <millis>1458911738010</millis>
  <sequence>6001</sequence>
  <logger>com.routecostloader.app.RouteCosts_Loader</logger>
  <level>INFO</level>
  <class>com.routecostloader.app.RouteCosts_Loader</class>
  <method>lambda$main$0</method>
  <thread>1</thread>
  <message>JsonToPost=&gt; From_Client:7619, To_Client:8479, JSONRequest: {"options":{"allToAll":true},"locations":[{"latLng":{"lng":-8.34733,"lat":39.23867}},{"latLng":{"lng":-8.78602,"lat":38.99741}}]}</message>
</record>
<record>
  <date>2016-03-25T14:15:38</date>
  <millis>1458911738010</millis>
  <sequence>6002</sequence>
  <logger>com.routecostloader.app.RouteCosts_Loader</logger>
  <level>INFO</level>
  <class>com.routecostloader.app.RouteCosts_Loader</class>
  <method>lambda$main$0</method>
  <thread>1</thread>
  <message>JsonToPost=&gt; From_Client:7619, To_Client:6187, JSONRequest: {"options":{"allToAll":true},"locations":[{"latLng":{"lng":-8.34733,"lat":39.23867}},{"latLng":{"lng":-8.49603,"lat":38.95149}}]}</message>
</record>
<record>
  <date>2016-03-25T14:15:38</date>
  <millis>1458911738010</millis>
  <sequence>6003</sequence>
  <logger>com.routecostloader.app.RouteCosts_Loader</logger>
  <level>INFO</level>
  <class>com.routecostloader.app.RouteCosts_Loader</class>
  <method>lambda$main$0</method>
  <thread>1</thread>
  <message>JsonToPost=&gt; From_Client:7619, To_Client:2344, JSONRequest: {"options":{"allToAll":true},"locations":[{"latLng":{"lng":-8.34733,"lat":39.23867}},{"latLng":{"lng":-8.47926,"lat":38.98714}}]}</message>
</record>
<record>
  <date>2016-03-25T14:15:38</date>
  <millis>1458911738010</millis>
  <sequence>6004</sequence>
  <logger>com.routecostloader.app.RouteCosts_Loader</logger>
  <level>INFO</level>
  <class>com.routecostloader.app.RouteCosts_Loader</class>
  <method>lambda$main$0</method>
  <thread>1</thread>
  <message>JsonToPost=&gt; From_Client:7619, To_Client:3830, JSONRequest: {"options":{"allToAll":true},"locations":[{"latLng":{"lng":-8.34733,"lat":39.23867}},{"latLng":{"lng":-8.78887,"lat":39.06752}}]}</message>
</record>
<record>
  <date>2016-03-25T14:15:38</date>
  <millis>1458911738011</millis>
  <sequence>6005</sequence>
  <logger>com.routecostloader.app.RouteCosts_Loader</logger>
  <level>INFO</level>
  <class>com.routecostloader.app.RouteCosts_Loader</class>
  <method>lambda$main$0</method>
  <thread>1</thread>
  <message>JsonToPost=&gt; From_Client:7619, To_Client:8820, JSONRequest: {"options":{"allToAll":true},"locations":[{"latLng":{"lng":-8.34733,"lat":39.23867}},{"latLng":{"lng":-8.080444,"lat":38.950865}}]}</message>
</record>
<record>
  <date>2016-03-25T14:15:38</date>
  <millis>1458911738011</millis>
  <sequence>6006</sequence>
  <logger>com.routecostloader.app.RouteCosts_Loader</logger>
  <level>INFO</level>
  <class>com.routecostloader.app.RouteCosts_Loader</class>
  <method>lambda$main$0</method>
  <thread>1</thread>
  <message>JsonToPost=&gt; From_Client:7619, To_Client:8223, JSONRequest: {"options":{"allToAll":true},"locations":[{"latLng":{"lng":-8.34733,"lat":39.23867}},{"latLng":{"lng":-8.88051,"lat":38.81406}}]}</message>
</record>
<record>
  <date>2016-03-25T14:15:38</date>
  <millis>1458911738011</millis>
  <sequence>6007</sequence>
  <logger>com.routecostloader.app.RouteCosts_Loader</logger>
  <level>INFO</level>
  <class>com.routecostloader.app.RouteCosts_Loader</class>
  <method>lambda$main$0</method>
  <thread>1</thread>
  <message>JsonToPost=&gt; From_Client:7619, To_Client:2611, JSONRequest: {"options":{"allToAll":true},"locations":[{"latLng":{"lng":-8.34733,"lat":39.23867}},{"latLng":{"lng":-8.74044,"lat":39.10504}}]}</message>
</record>
<record>
  <date>2016-03-25T14:15:38</date>
  <millis>1458911738011</millis>
  <sequence>6008</sequence>
  <logger>com.routecostloader.app.RouteCosts_Loader</logger>
  <level>INFO</level>
  <class>com.routecostloader.app.RouteCosts_Loader</class>
  <method>lambda$main$0</method>
  <thread>1</thread>
  <message>JsonToPost=&gt; From_Client:7619, To_Client:401, JSONRequest: {"options":{"allToAll":true},"locations":[{"latLng":{"lng":-8.34733,"lat":39.23867}},{"latLng":{"lng":-8.75195,"lat":38.98051}}]}</message>
</record>
<record>
  <date>2016-03-25T14:15:38</date>
  <millis>1458911738011</millis>
  <sequence>6009</sequence>
  <logger>com.routecostloader.app.RouteCosts_Loader</logger>
  <level>INFO</level>
  <class>com.routecostloader.app.RouteCosts_Loader</class>
  <method>lambda$main$0</method>
  <thread>1</thread>
  <message>JsonToPost=&gt; From_Client:7619, To_Client:8126, JSONRequest: {"options":{"allToAll":true},"locations":[{"latLng":{"lng":-8.34733,"lat":39.23867}},{"latLng":{"lng":-8.75222,"lat":38.97537}}]}</message>
</record>
<record>
  <date>2016-03-25T14:15:38</date>
  <millis>1458911738011</millis>
  <sequence>6010</sequence>
  <logger>com.routecostloader.app.RouteCosts_Loader</logger>
  <level>INFO</level>
  <class>com.routecostloader.app.RouteCosts_Loader</class>
  <method>lambda$main$0</method>
  <thread>1</thread>
  <message>JsonToPost=&gt; From_Client:7619, To_Client:6411, JSONRequest: {"options":{"allToAll":true},"locations":[{"latLng":{"lng":-8.34733,"lat":39.23867}},{"latLng":{"lng":-8.31776,"lat":39.41696}}]}</message>
</record>
<record>
  <date>2016-03-25T14:15:38</date>
  <millis>1458911738011</millis>
  <sequence>6011</sequence>
  <logger>com.routecostloader.app.RouteCosts_Loader</logger>
  <level>INFO</level>
  <class>com.routecostloader.app.RouteCosts_Loader</class>
  <method>lambda$main$0</method>
  <thread>1</thread>
  <message>JsonToPost=&gt; From_Client:7619, To_Client:2381, JSONRequest: {"options":{"allToAll":true},"locations":[{"latLng":{"lng":-8.34733,"lat":39.23867}},{"latLng":{"lng":-8.77501,"lat":39.02721}}]}</message>
</record>
<record>
  <date>2016-03-25T14:15:38</date>
  <millis>1458911738012</millis>
  <sequence>6012</sequence>
  <logger>com.routecostloader.app.RouteCosts_Loader</logger>
  <level>INFO</level>
  <class>com.routecostloader.app.RouteCosts_Loader</class>
  <method>lambda$main$0</method>
  <thread>1</thread>
  <message>JsonToPost=&gt; From_Client:7619, To_Client:6341, JSONRequest: {"options":{"allToAll":true},"locations":[{"latLng":{"lng":-8.34733,"lat":39.23867}},{"latLng":{"lng":-8.70549,"lat":38.9876}}]}</message>
</record>
<record>
  <date>2016-03-25T14:15:38</date>
  <millis>1458911738012</millis>
  <sequence>6013</sequence>
  <logger>com.routecostloader.app.RouteCosts_Loader</logger>
  <level>INFO</level>
  <class>com.routecostloader.app.RouteCosts_Loader</class>
  <method>lambda$main$0</method>
  <thread>1</thread>
  <message>JsonToPost=&gt; From_Client:7619, To_Client:4676, JSONRequest: {"options":{"allToAll":true},"locations":[{"latLng":{"lng":-8.34733,"lat":39.23867}},{"latLng":{"lng":-8.73845,"lat":39.142}}]}</message>
</record>
<record>
  <date>2016-03-25T14:15:38</date>
  <millis>1458911738012</millis>
  <sequence>6014</sequence>
  <logger>com.routecostloader.app.RouteCosts_Loader</logger>
  <level>INFO</level>
  <class>com.routecostloader.app.RouteCosts_Loader</class>
  <method>lambda$main$0</method>
  <thread>1</thread>
  <message>JsonToPost=&gt; From_Client:8479, To_Client:8479, JSONRequest: {"options":{"allToAll":true},"locations":[{"latLng":{"lng":-8.78602,"lat":38.99741}},{"latLng":{"lng":-8.78602,"lat":38.99741}}]}</message>
</record>
<record>
  <date>2016-03-25T14:15:38</date>
  <millis>1458911738012</millis>
  <sequence>6015</sequence>
  <logger>com.routecostloader.app.RouteCosts_Loader</logger>
  <level>INFO</level>
  <class>com.routecostloader.app.RouteCosts_Loader</class>
  <method>lambda$main$0</method>
  <thread>1</thread>
  <message>JsonToPost=&gt; From_Client:8479, To_Client:6187, JSONRequest: {"options":{"allToAll":true},"locations":[{"latLng":{"lng":-8.78602,"lat":38.99741}},{"latLng":{"lng":-8.49603,"lat":38.95149}}]}</message>
</record>
<record>
  <date>2016-03-25T14:15:38</date>
  <millis>1458911738012</millis>
  <sequence>6016</sequence>
  <logger>com.routecostloader.app.RouteCosts_Loader</logger>
  <level>INFO</level>
  <class>com.routecostloader.app.RouteCosts_Loader</class>
  <method>lambda$main$0</method>
  <thread>1</thread>
  <message>JsonToPost=&gt; From_Client:8479, To_Client:2344, JSONRequest: {"options":{"allToAll":true},"locations":[{"latLng":{"lng":-8.78602,"lat":38.99741}},{"latLng":{"lng":-8.47926,"lat":38.98714}}]}</message>
</record>
<record>
  <date>2016-03-25T14:15:38</date>
  <millis>1458911738013</millis>
  <sequence>6017</sequence>
  <logger>com.routecostloader.app.RouteCosts_Loader</logger>
  <level>INFO</level>
  <class>com.routecostloader.app.RouteCosts_Loader</class>
  <method>lambda$main$0</method>
  <thread>1</thread>
  <message>JsonToPost=&gt; From_Client:8479, To_Client:3830, JSONRequest: {"options":{"allToAll":true},"locations":[{"latLng":{"lng":-8.78602,"lat":38.99741}},{"latLng":{"lng":-8.78887,"lat":39.06752}}]}</message>
</record>
<record>
  <date>2016-03-25T14:15:38</date>
  <millis>1458911738013</millis>
  <sequence>6018</sequence>
  <logger>com.routecostloader.app.RouteCosts_Loader</logger>
  <level>INFO</level>
  <class>com.routecostloader.app.RouteCosts_Loader</class>
  <method>lambda$main$0</method>
  <thread>1</thread>
  <message>JsonToPost=&gt; From_Client:8479, To_Client:8820, JSONRequest: {"options":{"allToAll":true},"locations":[{"latLng":{"lng":-8.78602,"lat":38.99741}},{"latLng":{"lng":-8.080444,"lat":38.950865}}]}</message>
</record>
<record>
  <date>2016-03-25T14:15:38</date>
  <millis>1458911738013</millis>
  <sequence>6019</sequence>
  <logger>com.routecostloader.app.RouteCosts_Loader</logger>
  <level>INFO</level>
  <class>com.routecostloader.app.RouteCosts_Loader</class>
  <method>lambda$main$0</method>
  <thread>1</thread>
  <message>JsonToPost=&gt; From_Client:8479, To_Client:8223, JSONRequest: {"options":{"allToAll":true},"locations":[{"latLng":{"lng":-8.78602,"lat":38.99741}},{"latLng":{"lng":-8.88051,"lat":38.81406}}]}</message>
</record>
<record>
  <date>2016-03-25T14:15:38</date>
  <millis>1458911738013</millis>
  <sequence>6020</sequence>
  <logger>com.routecostloader.app.RouteCosts_Loader</logger>
  <level>INFO</level>
  <class>com.routecostloader.app.RouteCosts_Loader</class>
  <method>lambda$main$0</method>
  <thread>1</thread>
  <message>JsonToPost=&gt; From_Client:8479, To_Client:2611, JSONRequest: {"options":{"allToAll":true},"locations":[{"latLng":{"lng":-8.78602,"lat":38.99741}},{"latLng":{"lng":-8.74044,"lat":39.10504}}]}</message>
</record>
<record>
  <date>2016-03-25T14:15:38</date>
  <millis>1458911738013</millis>
  <sequence>6021</sequence>
  <logger>com.routecostloader.app.RouteCosts_Loader</logger>
  <level>INFO</level>
  <class>com.routecostloader.app.RouteCosts_Loader</class>
  <method>lambda$main$0</method>
  <thread>1</thread>
  <message>JsonToPost=&gt; From_Client:8479, To_Client:401, JSONRequest: {"options":{"allToAll":true},"locations":[{"latLng":{"lng":-8.78602,"lat":38.99741}},{"latLng":{"lng":-8.75195,"lat":38.98051}}]}</message>
</record>
<record>
  <date>2016-03-25T14:15:38</date>
  <millis>1458911738013</millis>
  <sequence>6022</sequence>
  <logger>com.routecostloader.app.RouteCosts_Loader</logger>
  <level>INFO</level>
  <class>com.routecostloader.app.RouteCosts_Loader</class>
  <method>lambda$main$0</method>
  <thread>1</thread>
  <message>JsonToPost=&gt; From_Client:8479, To_Client:8126, JSONRequest: {"options":{"allToAll":true},"locations":[{"latLng":{"lng":-8.78602,"lat":38.99741}},{"latLng":{"lng":-8.75222,"lat":38.97537}}]}</message>
</record>
<record>
  <date>2016-03-25T14:15:38</date>
  <millis>1458911738013</millis>
  <sequence>6023</sequence>
  <logger>com.routecostloader.app.RouteCosts_Loader</logger>
  <level>INFO</level>
  <class>com.routecostloader.app.RouteCosts_Loader</class>
  <method>lambda$main$0</method>
  <thread>1</thread>
  <message>JsonToPost=&gt; From_Client:8479, To_Client:6411, JSONRequest: {"options":{"allToAll":true},"locations":[{"latLng":{"lng":-8.78602,"lat":38.99741}},{"latLng":{"lng":-8.31776,"lat":39.41696}}]}</message>
</record>
<record>
  <date>2016-03-25T14:15:38</date>
  <millis>1458911738014</millis>
  <sequence>6024</sequence>
  <logger>com.routecostloader.app.RouteCosts_Loader</logger>
  <level>INFO</level>
  <class>com.routecostloader.app.RouteCosts_Loader</class>
  <method>lambda$main$0</method>
  <thread>1</thread>
  <message>JsonToPost=&gt; From_Client:8479, To_Client:2381, JSONRequest: {"options":{"allToAll":true},"locations":[{"latLng":{"lng":-8.78602,"lat":38.99741}},{"latLng":{"lng":-8.77501,"lat":39.02721}}]}</message>
</record>
<record>
  <date>2016-03-25T14:15:38</date>
  <millis>1458911738014</millis>
  <sequence>6025</sequence>
  <logger>com.routecostloader.app.RouteCosts_Loader</logger>
  <level>INFO</level>
  <class>com.routecostloader.app.RouteCosts_Loader</class>
  <method>lambda$main$0</method>
  <thread>1</thread>
  <message>JsonToPost=&gt; From_Client:8479, To_Client:6341, JSONRequest: {"options":{"allToAll":true},"locations":[{"latLng":{"lng":-8.78602,"lat":38.99741}},{"latLng":{"lng":-8.70549,"lat":38.9876}}]}</message>
</record>
<record>
  <date>2016-03-25T14:15:38</date>
  <millis>1458911738014</millis>
  <sequence>6026</sequence>
  <logger>com.routecostloader.app.RouteCosts_Loader</logger>
  <level>INFO</level>
  <class>com.routecostloader.app.RouteCosts_Loader</class>
  <method>lambda$main$0</method>
  <thread>1</thread>
  <message>JsonToPost=&gt; From_Client:8479, To_Client:4676, JSONRequest: {"options":{"allToAll":true},"locations":[{"latLng":{"lng":-8.78602,"lat":38.99741}},{"latLng":{"lng":-8.73845,"lat":39.142}}]}</message>
</record>
<record>
  <date>2016-03-25T14:15:38</date>
  <millis>1458911738014</millis>
  <sequence>6027</sequence>
  <logger>com.routecostloader.app.RouteCosts_Loader</logger>
  <level>INFO</level>
  <class>com.routecostloader.app.RouteCosts_Loader</class>
  <method>lambda$main$0</method>
  <thread>1</thread>
  <message>JsonToPost=&gt; From_Client:6187, To_Client:6187, JSONRequest: {"options":{"allToAll":true},"locations":[{"latLng":{"lng":-8.49603,"lat":38.95149}},{"latLng":{"lng":-8.49603,"lat":38.95149}}]}</message>
</record>
<record>
  <date>2016-03-25T14:15:38</date>
  <millis>1458911738014</millis>
  <sequence>6028</sequence>
  <logger>com.routecostloader.app.RouteCosts_Loader</logger>
  <level>INFO</level>
  <class>com.routecostloader.app.RouteCosts_Loader</class>
  <method>lambda$main$0</method>
  <thread>1</thread>
  <message>JsonToPost=&gt; From_Client:6187, To_Client:2344, JSONRequest: {"options":{"allToAll":true},"locations":[{"latLng":{"lng":-8.49603,"lat":38.95149}},{"latLng":{"lng":-8.47926,"lat":38.98714}}]}</message>
</record>
<record>
  <date>2016-03-25T14:15:38</date>
  <millis>1458911738014</millis>
  <sequence>6029</sequence>
  <logger>com.routecostloader.app.RouteCosts_Loader</logger>
  <level>INFO</level>
  <class>com.routecostloader.app.RouteCosts_Loader</class>
  <method>lambda$main$0</method>
  <thread>1</thread>
  <message>JsonToPost=&gt; From_Client:6187, To_Client:3830, JSONRequest: {"options":{"allToAll":true},"locations":[{"latLng":{"lng":-8.49603,"lat":38.95149}},{"latLng":{"lng":-8.78887,"lat":39.06752}}]}</message>
</record>
<record>
  <date>2016-03-25T14:15:38</date>
  <millis>1458911738015</millis>
  <sequence>6030</sequence>
  <logger>com.routecostloader.app.RouteCosts_Loader</logger>
  <level>INFO</level>
  <class>com.routecostloader.app.RouteCosts_Loader</class>
  <method>lambda$main$0</method>
  <thread>1</thread>
  <message>JsonToPost=&gt; From_Client:6187, To_Client:8820, JSONRequest: {"options":{"allToAll":true},"locations":[{"latLng":{"lng":-8.49603,"lat":38.95149}},{"latLng":{"lng":-8.080444,"lat":38.950865}}]}</message>
</record>
<record>
  <date>2016-03-25T14:15:38</date>
  <millis>1458911738015</millis>
  <sequence>6031</sequence>
  <logger>com.routecostloader.app.RouteCosts_Loader</logger>
  <level>INFO</level>
  <class>com.routecostloader.app.RouteCosts_Loader</class>
  <method>lambda$main$0</method>
  <thread>1</thread>
  <message>JsonToPost=&gt; From_Client:6187, To_Client:8223, JSONRequest: {"options":{"allToAll":true},"locations":[{"latLng":{"lng":-8.49603,"lat":38.95149}},{"latLng":{"lng":-8.88051,"lat":38.81406}}]}</message>
</record>
<record>
  <date>2016-03-25T14:15:38</date>
  <millis>1458911738015</millis>
  <sequence>6032</sequence>
  <logger>com.routecostloader.app.RouteCosts_Loader</logger>
  <level>INFO</level>
  <class>com.routecostloader.app.RouteCosts_Loader</class>
  <method>lambda$main$0</method>
  <thread>1</thread>
  <message>JsonToPost=&gt; From_Client:6187, To_Client:2611, JSONRequest: {"options":{"allToAll":true},"locations":[{"latLng":{"lng":-8.49603,"lat":38.95149}},{"latLng":{"lng":-8.74044,"lat":39.10504}}]}</message>
</record>
<record>
  <date>2016-03-25T14:15:38</date>
  <millis>1458911738015</millis>
  <sequence>6033</sequence>
  <logger>com.routecostloader.app.RouteCosts_Loader</logger>
  <level>INFO</level>
  <class>com.routecostloader.app.RouteCosts_Loader</class>
  <method>lambda$main$0</method>
  <thread>1</thread>
  <message>JsonToPost=&gt; From_Client:6187, To_Client:401, JSONRequest: {"options":{"allToAll":true},"locations":[{"latLng":{"lng":-8.49603,"lat":38.95149}},{"latLng":{"lng":-8.75195,"lat":38.98051}}]}</message>
</record>
<record>
  <date>2016-03-25T14:15:38</date>
  <millis>1458911738015</millis>
  <sequence>6034</sequence>
  <logger>com.routecostloader.app.RouteCosts_Loader</logger>
  <level>INFO</level>
  <class>com.routecostloader.app.RouteCosts_Loader</class>
  <method>lambda$main$0</method>
  <thread>1</thread>
  <message>JsonToPost=&gt; From_Client:6187, To_Client:8126, JSONRequest: {"options":{"allToAll":true},"locations":[{"latLng":{"lng":-8.49603,"lat":38.95149}},{"latLng":{"lng":-8.75222,"lat":38.97537}}]}</message>
</record>
<record>
  <date>2016-03-25T14:15:38</date>
  <millis>1458911738015</millis>
  <sequence>6035</sequence>
  <logger>com.routecostloader.app.RouteCosts_Loader</logger>
  <level>INFO</level>
  <class>com.routecostloader.app.RouteCosts_Loader</class>
  <method>lambda$main$0</method>
  <thread>1</thread>
  <message>JsonToPost=&gt; From_Client:6187, To_Client:6411, JSONRequest: {"options":{"allToAll":true},"locations":[{"latLng":{"lng":-8.49603,"lat":38.95149}},{"latLng":{"lng":-8.31776,"lat":39.41696}}]}</message>
</record>
<record>
  <date>2016-03-25T14:15:38</date>
  <millis>1458911738016</millis>
  <sequence>6036</sequence>
  <logger>com.routecostloader.app.RouteCosts_Loader</logger>
  <level>INFO</level>
  <class>com.routecostloader.app.RouteCosts_Loader</class>
  <method>lambda$main$0</method>
  <thread>1</thread>
  <message>JsonToPost=&gt; From_Client:6187, To_Client:2381, JSONRequest: {"options":{"allToAll":true},"locations":[{"latLng":{"lng":-8.49603,"lat":38.95149}},{"latLng":{"lng":-8.77501,"lat":39.02721}}]}</message>
</record>
<record>
  <date>2016-03-25T14:15:38</date>
  <millis>1458911738016</millis>
  <sequence>6037</sequence>
  <logger>com.routecostloader.app.RouteCosts_Loader</logger>
  <level>INFO</level>
  <class>com.routecostloader.app.RouteCosts_Loader</class>
  <method>lambda$main$0</method>
  <thread>1</thread>
  <message>JsonToPost=&gt; From_Client:6187, To_Client:6341, JSONRequest: {"options":{"allToAll":true},"locations":[{"latLng":{"lng":-8.49603,"lat":38.95149}},{"latLng":{"lng":-8.70549,"lat":38.9876}}]}</message>
</record>
<record>
  <date>2016-03-25T14:15:38</date>
  <millis>1458911738016</millis>
  <sequence>6038</sequence>
  <logger>com.routecostloader.app.RouteCosts_Loader</logger>
  <level>INFO</level>
  <class>com.routecostloader.app.RouteCosts_Loader</class>
  <method>lambda$main$0</method>
  <thread>1</thread>
  <message>JsonToPost=&gt; From_Client:6187, To_Client:4676, JSONRequest: {"options":{"allToAll":true},"locations":[{"latLng":{"lng":-8.49603,"lat":38.95149}},{"latLng":{"lng":-8.73845,"lat":39.142}}]}</message>
</record>
<record>
  <date>2016-03-25T14:15:38</date>
  <millis>1458911738016</millis>
  <sequence>6039</sequence>
  <logger>com.routecostloader.app.RouteCosts_Loader</logger>
  <level>INFO</level>
  <class>com.routecostloader.app.RouteCosts_Loader</class>
  <method>lambda$main$0</method>
  <thread>1</thread>
  <message>JsonToPost=&gt; From_Client:2344, To_Client:2344, JSONRequest: {"options":{"allToAll":true},"locations":[{"latLng":{"lng":-8.47926,"lat":38.98714}},{"latLng":{"lng":-8.47926,"lat":38.98714}}]}</message>
</record>
<record>
  <date>2016-03-25T14:15:38</date>
  <millis>1458911738016</millis>
  <sequence>6040</sequence>
  <logger>com.routecostloader.app.RouteCosts_Loader</logger>
  <level>INFO</level>
  <class>com.routecostloader.app.RouteCosts_Loader</class>
  <method>lambda$main$0</method>
  <thread>1</thread>
  <message>JsonToPost=&gt; From_Client:2344, To_Client:3830, JSONRequest: {"options":{"allToAll":true},"locations":[{"latLng":{"lng":-8.47926,"lat":38.98714}},{"latLng":{"lng":-8.78887,"lat":39.06752}}]}</message>
</record>
<record>
  <date>2016-03-25T14:15:38</date>
  <millis>1458911738016</millis>
  <sequence>6041</sequence>
  <logger>com.routecostloader.app.RouteCosts_Loader</logger>
  <level>INFO</level>
  <class>com.routecostloader.app.RouteCosts_Loader</class>
  <method>lambda$main$0</method>
  <thread>1</thread>
  <message>JsonToPost=&gt; From_Client:2344, To_Client:8820, JSONRequest: {"options":{"allToAll":true},"locations":[{"latLng":{"lng":-8.47926,"lat":38.98714}},{"latLng":{"lng":-8.080444,"lat":38.950865}}]}</message>
</record>
<record>
  <date>2016-03-25T14:15:38</date>
  <millis>1458911738017</millis>
  <sequence>6042</sequence>
  <logger>com.routecostloader.app.RouteCosts_Loader</logger>
  <level>INFO</level>
  <class>com.routecostloader.app.RouteCosts_Loader</class>
  <method>lambda$main$0</method>
  <thread>1</thread>
  <message>JsonToPost=&gt; From_Client:2344, To_Client:8223, JSONRequest: {"options":{"allToAll":true},"locations":[{"latLng":{"lng":-8.47926,"lat":38.98714}},{"latLng":{"lng":-8.88051,"lat":38.81406}}]}</message>
</record>
<record>
  <date>2016-03-25T14:15:38</date>
  <millis>1458911738017</millis>
  <sequence>6043</sequence>
  <logger>com.routecostloader.app.RouteCosts_Loader</logger>
  <level>INFO</level>
  <class>com.routecostloader.app.RouteCosts_Loader</class>
  <method>lambda$main$0</method>
  <thread>1</thread>
  <message>JsonToPost=&gt; From_Client:2344, To_Client:2611, JSONRequest: {"options":{"allToAll":true},"locations":[{"latLng":{"lng":-8.47926,"lat":38.98714}},{"latLng":{"lng":-8.74044,"lat":39.10504}}]}</message>
</record>
<record>
  <date>2016-03-25T14:15:38</date>
  <millis>1458911738017</millis>
  <sequence>6044</sequence>
  <logger>com.routecostloader.app.RouteCosts_Loader</logger>
  <level>INFO</level>
  <class>com.routecostloader.app.RouteCosts_Loader</class>
  <method>lambda$main$0</method>
  <thread>1</thread>
  <message>JsonToPost=&gt; From_Client:2344, To_Client:401, JSONRequest: {"options":{"allToAll":true},"locations":[{"latLng":{"lng":-8.47926,"lat":38.98714}},{"latLng":{"lng":-8.75195,"lat":38.98051}}]}</message>
</record>
<record>
  <date>2016-03-25T14:15:38</date>
  <millis>1458911738017</millis>
  <sequence>6045</sequence>
  <logger>com.routecostloader.app.RouteCosts_Loader</logger>
  <level>INFO</level>
  <class>com.routecostloader.app.RouteCosts_Loader</class>
  <method>lambda$main$0</method>
  <thread>1</thread>
  <message>JsonToPost=&gt; From_Client:2344, To_Client:8126, JSONRequest: {"options":{"allToAll":true},"locations":[{"latLng":{"lng":-8.47926,"lat":38.98714}},{"latLng":{"lng":-8.75222,"lat":38.97537}}]}</message>
</record>
<record>
  <date>2016-03-25T14:15:38</date>
  <millis>1458911738017</millis>
  <sequence>6046</sequence>
  <logger>com.routecostloader.app.RouteCosts_Loader</logger>
  <level>INFO</level>
  <class>com.routecostloader.app.RouteCosts_Loader</class>
  <method>lambda$main$0</method>
  <thread>1</thread>
  <message>JsonToPost=&gt; From_Client:2344, To_Client:6411, JSONRequest: {"options":{"allToAll":true},"locations":[{"latLng":{"lng":-8.47926,"lat":38.98714}},{"latLng":{"lng":-8.31776,"lat":39.41696}}]}</message>
</record>
<record>
  <date>2016-03-25T14:15:38</date>
  <millis>1458911738017</millis>
  <sequence>6047</sequence>
  <logger>com.routecostloader.app.RouteCosts_Loader</logger>
  <level>INFO</level>
  <class>com.routecostloader.app.RouteCosts_Loader</class>
  <method>lambda$main$0</method>
  <thread>1</thread>
  <message>JsonToPost=&gt; From_Client:2344, To_Client:2381, JSONRequest: {"options":{"allToAll":true},"locations":[{"latLng":{"lng":-8.47926,"lat":38.98714}},{"latLng":{"lng":-8.77501,"lat":39.02721}}]}</message>
</record>
<record>
  <date>2016-03-25T14:15:38</date>
  <millis>1458911738018</millis>
  <sequence>6048</sequence>
  <logger>com.routecostloader.app.RouteCosts_Loader</logger>
  <level>INFO</level>
  <class>com.routecostloader.app.RouteCosts_Loader</class>
  <method>lambda$main$0</method>
  <thread>1</thread>
  <message>JsonToPost=&gt; From_Client:2344, To_Client:6341, JSONRequest: {"options":{"allToAll":true},"locations":[{"latLng":{"lng":-8.47926,"lat":38.98714}},{"latLng":{"lng":-8.70549,"lat":38.9876}}]}</message>
</record>
<record>
  <date>2016-03-25T14:15:38</date>
  <millis>1458911738018</millis>
  <sequence>6049</sequence>
  <logger>com.routecostloader.app.RouteCosts_Loader</logger>
  <level>INFO</level>
  <class>com.routecostloader.app.RouteCosts_Loader</class>
  <method>lambda$main$0</method>
  <thread>1</thread>
  <message>JsonToPost=&gt; From_Client:2344, To_Client:4676, JSONRequest: {"options":{"allToAll":true},"locations":[{"latLng":{"lng":-8.47926,"lat":38.98714}},{"latLng":{"lng":-8.73845,"lat":39.142}}]}</message>
</record>
<record>
  <date>2016-03-25T14:15:38</date>
  <millis>1458911738018</millis>
  <sequence>6050</sequence>
  <logger>com.routecostloader.app.RouteCosts_Loader</logger>
  <level>INFO</level>
  <class>com.routecostloader.app.RouteCosts_Loader</class>
  <method>lambda$main$0</method>
  <thread>1</thread>
  <message>JsonToPost=&gt; From_Client:3830, To_Client:3830, JSONRequest: {"options":{"allToAll":true},"locations":[{"latLng":{"lng":-8.78887,"lat":39.06752}},{"latLng":{"lng":-8.78887,"lat":39.06752}}]}</message>
</record>
<record>
  <date>2016-03-25T14:15:38</date>
  <millis>1458911738018</millis>
  <sequence>6051</sequence>
  <logger>com.routecostloader.app.RouteCosts_Loader</logger>
  <level>INFO</level>
  <class>com.routecostloader.app.RouteCosts_Loader</class>
  <method>lambda$main$0</method>
  <thread>1</thread>
  <message>JsonToPost=&gt; From_Client:3830, To_Client:8820, JSONRequest: {"options":{"allToAll":true},"locations":[{"latLng":{"lng":-8.78887,"lat":39.06752}},{"latLng":{"lng":-8.080444,"lat":38.950865}}]}</message>
</record>
<record>
  <date>2016-03-25T14:15:38</date>
  <millis>1458911738018</millis>
  <sequence>6052</sequence>
  <logger>com.routecostloader.app.RouteCosts_Loader</logger>
  <level>INFO</level>
  <class>com.routecostloader.app.RouteCosts_Loader</class>
  <method>lambda$main$0</method>
  <thread>1</thread>
  <message>JsonToPost=&gt; From_Client:3830, To_Client:8223, JSONRequest: {"options":{"allToAll":true},"locations":[{"latLng":{"lng":-8.78887,"lat":39.06752}},{"latLng":{"lng":-8.88051,"lat":38.81406}}]}</message>
</record>
<record>
  <date>2016-03-25T14:15:38</date>
  <millis>1458911738018</millis>
  <sequence>6053</sequence>
  <logger>com.routecostloader.app.RouteCosts_Loader</logger>
  <level>INFO</level>
  <class>com.routecostloader.app.RouteCosts_Loader</class>
  <method>lambda$main$0</method>
  <thread>1</thread>
  <message>JsonToPost=&gt; From_Client:3830, To_Client:2611, JSONRequest: {"options":{"allToAll":true},"locations":[{"latLng":{"lng":-8.78887,"lat":39.06752}},{"latLng":{"lng":-8.74044,"lat":39.10504}}]}</message>
</record>
<record>
  <date>2016-03-25T14:15:38</date>
  <millis>1458911738018</millis>
  <sequence>6054</sequence>
  <logger>com.routecostloader.app.RouteCosts_Loader</logger>
  <level>INFO</level>
  <class>com.routecostloader.app.RouteCosts_Loader</class>
  <method>lambda$main$0</method>
  <thread>1</thread>
  <message>JsonToPost=&gt; From_Client:3830, To_Client:401, JSONRequest: {"options":{"allToAll":true},"locations":[{"latLng":{"lng":-8.78887,"lat":39.06752}},{"latLng":{"lng":-8.75195,"lat":38.98051}}]}</message>
</record>
<record>
  <date>2016-03-25T14:15:38</date>
  <millis>1458911738019</millis>
  <sequence>6055</sequence>
  <logger>com.routecostloader.app.RouteCosts_Loader</logger>
  <level>INFO</level>
  <class>com.routecostloader.app.RouteCosts_Loader</class>
  <method>lambda$main$0</method>
  <thread>1</thread>
  <message>JsonToPost=&gt; From_Client:3830, To_Client:8126, JSONRequest: {"options":{"allToAll":true},"locations":[{"latLng":{"lng":-8.78887,"lat":39.06752}},{"latLng":{"lng":-8.75222,"lat":38.97537}}]}</message>
</record>
<record>
  <date>2016-03-25T14:15:38</date>
  <millis>1458911738019</millis>
  <sequence>6056</sequence>
  <logger>com.routecostloader.app.RouteCosts_Loader</logger>
  <level>INFO</level>
  <class>com.routecostloader.app.RouteCosts_Loader</class>
  <method>lambda$main$0</method>
  <thread>1</thread>
  <message>JsonToPost=&gt; From_Client:3830, To_Client:6411, JSONRequest: {"options":{"allToAll":true},"locations":[{"latLng":{"lng":-8.78887,"lat":39.06752}},{"latLng":{"lng":-8.31776,"lat":39.41696}}]}</message>
</record>
<record>
  <date>2016-03-25T14:15:38</date>
  <millis>1458911738019</millis>
  <sequence>6057</sequence>
  <logger>com.routecostloader.app.RouteCosts_Loader</logger>
  <level>INFO</level>
  <class>com.routecostloader.app.RouteCosts_Loader</class>
  <method>lambda$main$0</method>
  <thread>1</thread>
  <message>JsonToPost=&gt; From_Client:3830, To_Client:2381, JSONRequest: {"options":{"allToAll":true},"locations":[{"latLng":{"lng":-8.78887,"lat":39.06752}},{"latLng":{"lng":-8.77501,"lat":39.02721}}]}</message>
</record>
<record>
  <date>2016-03-25T14:15:38</date>
  <millis>1458911738019</millis>
  <sequence>6058</sequence>
  <logger>com.routecostloader.app.RouteCosts_Loader</logger>
  <level>INFO</level>
  <class>com.routecostloader.app.RouteCosts_Loader</class>
  <method>lambda$main$0</method>
  <thread>1</thread>
  <message>JsonToPost=&gt; From_Client:3830, To_Client:6341, JSONRequest: {"options":{"allToAll":true},"locations":[{"latLng":{"lng":-8.78887,"lat":39.06752}},{"latLng":{"lng":-8.70549,"lat":38.9876}}]}</message>
</record>
<record>
  <date>2016-03-25T14:15:38</date>
  <millis>1458911738020</millis>
  <sequence>6059</sequence>
  <logger>com.routecostloader.app.RouteCosts_Loader</logger>
  <level>INFO</level>
  <class>com.routecostloader.app.RouteCosts_Loader</class>
  <method>lambda$main$0</method>
  <thread>1</thread>
  <message>JsonToPost=&gt; From_Client:3830, To_Client:4676, JSONRequest: {"options":{"allToAll":true},"locations":[{"latLng":{"lng":-8.78887,"lat":39.06752}},{"latLng":{"lng":-8.73845,"lat":39.142}}]}</message>
</record>
<record>
  <date>2016-03-25T14:15:38</date>
  <millis>1458911738020</millis>
  <sequence>6060</sequence>
  <logger>com.routecostloader.app.RouteCosts_Loader</logger>
  <level>INFO</level>
  <class>com.routecostloader.app.RouteCosts_Loader</class>
  <method>lambda$main$0</method>
  <thread>1</thread>
  <message>JsonToPost=&gt; From_Client:8820, To_Client:8820, JSONRequest: {"options":{"allToAll":true},"locations":[{"latLng":{"lng":-8.080444,"lat":38.950865}},{"latLng":{"lng":-8.080444,"lat":38.950865}}]}</message>
</record>
<record>
  <date>2016-03-25T14:15:38</date>
  <millis>1458911738020</millis>
  <sequence>6061</sequence>
  <logger>com.routecostloader.app.RouteCosts_Loader</logger>
  <level>INFO</level>
  <class>com.routecostloader.app.RouteCosts_Loader</class>
  <method>lambda$main$0</method>
  <thread>1</thread>
  <message>JsonToPost=&gt; From_Client:8820, To_Client:8223, JSONRequest: {"options":{"allToAll":true},"locations":[{"latLng":{"lng":-8.080444,"lat":38.950865}},{"latLng":{"lng":-8.88051,"lat":38.81406}}]}</message>
</record>
<record>
  <date>2016-03-25T14:15:38</date>
  <millis>1458911738020</millis>
  <sequence>6062</sequence>
  <logger>com.routecostloader.app.RouteCosts_Loader</logger>
  <level>INFO</level>
  <class>com.routecostloader.app.RouteCosts_Loader</class>
  <method>lambda$main$0</method>
  <thread>1</thread>
  <message>JsonToPost=&gt; From_Client:8820, To_Client:2611, JSONRequest: {"options":{"allToAll":true},"locations":[{"latLng":{"lng":-8.080444,"lat":38.950865}},{"latLng":{"lng":-8.74044,"lat":39.10504}}]}</message>
</record>
<record>
  <date>2016-03-25T14:15:38</date>
  <millis>1458911738020</millis>
  <sequence>6063</sequence>
  <logger>com.routecostloader.app.RouteCosts_Loader</logger>
  <level>INFO</level>
  <class>com.routecostloader.app.RouteCosts_Loader</class>
  <method>lambda$main$0</method>
  <thread>1</thread>
  <message>JsonToPost=&gt; From_Client:8820, To_Client:401, JSONRequest: {"options":{"allToAll":true},"locations":[{"latLng":{"lng":-8.080444,"lat":38.950865}},{"latLng":{"lng":-8.75195,"lat":38.98051}}]}</message>
</record>
<record>
  <date>2016-03-25T14:15:38</date>
  <millis>1458911738020</millis>
  <sequence>6064</sequence>
  <logger>com.routecostloader.app.RouteCosts_Loader</logger>
  <level>INFO</level>
  <class>com.routecostloader.app.RouteCosts_Loader</class>
  <method>lambda$main$0</method>
  <thread>1</thread>
  <message>JsonToPost=&gt; From_Client:8820, To_Client:8126, JSONRequest: {"options":{"allToAll":true},"locations":[{"latLng":{"lng":-8.080444,"lat":38.950865}},{"latLng":{"lng":-8.75222,"lat":38.97537}}]}</message>
</record>
<record>
  <date>2016-03-25T14:15:38</date>
  <millis>1458911738020</millis>
  <sequence>6065</sequence>
  <logger>com.routecostloader.app.RouteCosts_Loader</logger>
  <level>INFO</level>
  <class>com.routecostloader.app.RouteCosts_Loader</class>
  <method>lambda$main$0</method>
  <thread>1</thread>
  <message>JsonToPost=&gt; From_Client:8820, To_Client:6411, JSONRequest: {"options":{"allToAll":true},"locations":[{"latLng":{"lng":-8.080444,"lat":38.950865}},{"latLng":{"lng":-8.31776,"lat":39.41696}}]}</message>
</record>
<record>
  <date>2016-03-25T14:15:38</date>
  <millis>1458911738021</millis>
  <sequence>6066</sequence>
  <logger>com.routecostloader.app.RouteCosts_Loader</logger>
  <level>INFO</level>
  <class>com.routecostloader.app.RouteCosts_Loader</class>
  <method>lambda$main$0</method>
  <thread>1</thread>
  <message>JsonToPost=&gt; From_Client:8820, To_Client:2381, JSONRequest: {"options":{"allToAll":true},"locations":[{"latLng":{"lng":-8.080444,"lat":38.950865}},{"latLng":{"lng":-8.77501,"lat":39.02721}}]}</message>
</record>
<record>
  <date>2016-03-25T14:15:38</date>
  <millis>1458911738021</millis>
  <sequence>6067</sequence>
  <logger>com.routecostloader.app.RouteCosts_Loader</logger>
  <level>INFO</level>
  <class>com.routecostloader.app.RouteCosts_Loader</class>
  <method>lambda$main$0</method>
  <thread>1</thread>
  <message>JsonToPost=&gt; From_Client:8820, To_Client:6341, JSONRequest: {"options":{"allToAll":true},"locations":[{"latLng":{"lng":-8.080444,"lat":38.950865}},{"latLng":{"lng":-8.70549,"lat":38.9876}}]}</message>
</record>
<record>
  <date>2016-03-25T14:15:38</date>
  <millis>1458911738021</millis>
  <sequence>6068</sequence>
  <logger>com.routecostloader.app.RouteCosts_Loader</logger>
  <level>INFO</level>
  <class>com.routecostloader.app.RouteCosts_Loader</class>
  <method>lambda$main$0</method>
  <thread>1</thread>
  <message>JsonToPost=&gt; From_Client:8820, To_Client:4676, JSONRequest: {"options":{"allToAll":true},"locations":[{"latLng":{"lng":-8.080444,"lat":38.950865}},{"latLng":{"lng":-8.73845,"lat":39.142}}]}</message>
</record>
<record>
  <date>2016-03-25T14:15:38</date>
  <millis>1458911738021</millis>
  <sequence>6069</sequence>
  <logger>com.routecostloader.app.RouteCosts_Loader</logger>
  <level>INFO</level>
  <class>com.routecostloader.app.RouteCosts_Loader</class>
  <method>lambda$main$0</method>
  <thread>1</thread>
  <message>JsonToPost=&gt; From_Client:8223, To_Client:8223, JSONRequest: {"options":{"allToAll":true},"locations":[{"latLng":{"lng":-8.88051,"lat":38.81406}},{"latLng":{"lng":-8.88051,"lat":38.81406}}]}</message>
</record>
<record>
  <date>2016-03-25T14:15:38</date>
  <millis>1458911738021</millis>
  <sequence>6070</sequence>
  <logger>com.routecostloader.app.RouteCosts_Loader</logger>
  <level>INFO</level>
  <class>com.routecostloader.app.RouteCosts_Loader</class>
  <method>lambda$main$0</method>
  <thread>1</thread>
  <message>JsonToPost=&gt; From_Client:8223, To_Client:2611, JSONRequest: {"options":{"allToAll":true},"locations":[{"latLng":{"lng":-8.88051,"lat":38.81406}},{"latLng":{"lng":-8.74044,"lat":39.10504}}]}</message>
</record>
<record>
  <date>2016-03-25T14:15:38</date>
  <millis>1458911738021</millis>
  <sequence>6071</sequence>
  <logger>com.routecostloader.app.RouteCosts_Loader</logger>
  <level>INFO</level>
  <class>com.routecostloader.app.RouteCosts_Loader</class>
  <method>lambda$main$0</method>
  <thread>1</thread>
  <message>JsonToPost=&gt; From_Client:8223, To_Client:401, JSONRequest: {"options":{"allToAll":true},"locations":[{"latLng":{"lng":-8.88051,"lat":38.81406}},{"latLng":{"lng":-8.75195,"lat":38.98051}}]}</message>
</record>
<record>
  <date>2016-03-25T14:15:38</date>
  <millis>1458911738022</millis>
  <sequence>6072</sequence>
  <logger>com.routecostloader.app.RouteCosts_Loader</logger>
  <level>INFO</level>
  <class>com.routecostloader.app.RouteCosts_Loader</class>
  <method>lambda$main$0</method>
  <thread>1</thread>
  <message>JsonToPost=&gt; From_Client:8223, To_Client:8126, JSONRequest: {"options":{"allToAll":true},"locations":[{"latLng":{"lng":-8.88051,"lat":38.81406}},{"latLng":{"lng":-8.75222,"lat":38.97537}}]}</message>
</record>
<record>
  <date>2016-03-25T14:15:38</date>
  <millis>1458911738022</millis>
  <sequence>6073</sequence>
  <logger>com.routecostloader.app.RouteCosts_Loader</logger>
  <level>INFO</level>
  <class>com.routecostloader.app.RouteCosts_Loader</class>
  <method>lambda$main$0</method>
  <thread>1</thread>
  <message>JsonToPost=&gt; From_Client:8223, To_Client:6411, JSONRequest: {"options":{"allToAll":true},"locations":[{"latLng":{"lng":-8.88051,"lat":38.81406}},{"latLng":{"lng":-8.31776,"lat":39.41696}}]}</message>
</record>
<record>
  <date>2016-03-25T14:15:38</date>
  <millis>1458911738022</millis>
  <sequence>6074</sequence>
  <logger>com.routecostloader.app.RouteCosts_Loader</logger>
  <level>INFO</level>
  <class>com.routecostloader.app.RouteCosts_Loader</class>
  <method>lambda$main$0</method>
  <thread>1</thread>
  <message>JsonToPost=&gt; From_Client:8223, To_Client:2381, JSONRequest: {"options":{"allToAll":true},"locations":[{"latLng":{"lng":-8.88051,"lat":38.81406}},{"latLng":{"lng":-8.77501,"lat":39.02721}}]}</message>
</record>
<record>
  <date>2016-03-25T14:15:38</date>
  <millis>1458911738022</millis>
  <sequence>6075</sequence>
  <logger>com.routecostloader.app.RouteCosts_Loader</logger>
  <level>INFO</level>
  <class>com.routecostloader.app.RouteCosts_Loader</class>
  <method>lambda$main$0</method>
  <thread>1</thread>
  <message>JsonToPost=&gt; From_Client:8223, To_Client:6341, JSONRequest: {"options":{"allToAll":true},"locations":[{"latLng":{"lng":-8.88051,"lat":38.81406}},{"latLng":{"lng":-8.70549,"lat":38.9876}}]}</message>
</record>
<record>
  <date>2016-03-25T14:15:38</date>
  <millis>1458911738022</millis>
  <sequence>6076</sequence>
  <logger>com.routecostloader.app.RouteCosts_Loader</logger>
  <level>INFO</level>
  <class>com.routecostloader.app.RouteCosts_Loader</class>
  <method>lambda$main$0</method>
  <thread>1</thread>
  <message>JsonToPost=&gt; From_Client:8223, To_Client:4676, JSONRequest: {"options":{"allToAll":true},"locations":[{"latLng":{"lng":-8.88051,"lat":38.81406}},{"latLng":{"lng":-8.73845,"lat":39.142}}]}</message>
</record>
<record>
  <date>2016-03-25T14:15:38</date>
  <millis>1458911738022</millis>
  <sequence>6077</sequence>
  <logger>com.routecostloader.app.RouteCosts_Loader</logger>
  <level>INFO</level>
  <class>com.routecostloader.app.RouteCosts_Loader</class>
  <method>lambda$main$0</method>
  <thread>1</thread>
  <message>JsonToPost=&gt; From_Client:2611, To_Client:2611, JSONRequest: {"options":{"allToAll":true},"locations":[{"latLng":{"lng":-8.74044,"lat":39.10504}},{"latLng":{"lng":-8.74044,"lat":39.10504}}]}</message>
</record>
<record>
  <date>2016-03-25T14:15:38</date>
  <millis>1458911738022</millis>
  <sequence>6078</sequence>
  <logger>com.routecostloader.app.RouteCosts_Loader</logger>
  <level>INFO</level>
  <class>com.routecostloader.app.RouteCosts_Loader</class>
  <method>lambda$main$0</method>
  <thread>1</thread>
  <message>JsonToPost=&gt; From_Client:2611, To_Client:401, JSONRequest: {"options":{"allToAll":true},"locations":[{"latLng":{"lng":-8.74044,"lat":39.10504}},{"latLng":{"lng":-8.75195,"lat":38.98051}}]}</message>
</record>
<record>
  <date>2016-03-25T14:15:38</date>
  <millis>1458911738023</millis>
  <sequence>6079</sequence>
  <logger>com.routecostloader.app.RouteCosts_Loader</logger>
  <level>INFO</level>
  <class>com.routecostloader.app.RouteCosts_Loader</class>
  <method>lambda$main$0</method>
  <thread>1</thread>
  <message>JsonToPost=&gt; From_Client:2611, To_Client:8126, JSONRequest: {"options":{"allToAll":true},"locations":[{"latLng":{"lng":-8.74044,"lat":39.10504}},{"latLng":{"lng":-8.75222,"lat":38.97537}}]}</message>
</record>
<record>
  <date>2016-03-25T14:15:38</date>
  <millis>1458911738023</millis>
  <sequence>6080</sequence>
  <logger>com.routecostloader.app.RouteCosts_Loader</logger>
  <level>INFO</level>
  <class>com.routecostloader.app.RouteCosts_Loader</class>
  <method>lambda$main$0</method>
  <thread>1</thread>
  <message>JsonToPost=&gt; From_Client:2611, To_Client:6411, JSONRequest: {"options":{"allToAll":true},"locations":[{"latLng":{"lng":-8.74044,"lat":39.10504}},{"latLng":{"lng":-8.31776,"lat":39.41696}}]}</message>
</record>
<record>
  <date>2016-03-25T14:15:38</date>
  <millis>1458911738023</millis>
  <sequence>6081</sequence>
  <logger>com.routecostloader.app.RouteCosts_Loader</logger>
  <level>INFO</level>
  <class>com.routecostloader.app.RouteCosts_Loader</class>
  <method>lambda$main$0</method>
  <thread>1</thread>
  <message>JsonToPost=&gt; From_Client:2611, To_Client:2381, JSONRequest: {"options":{"allToAll":true},"locations":[{"latLng":{"lng":-8.74044,"lat":39.10504}},{"latLng":{"lng":-8.77501,"lat":39.02721}}]}</message>
</record>
<record>
  <date>2016-03-25T14:15:38</date>
  <millis>1458911738023</millis>
  <sequence>6082</sequence>
  <logger>com.routecostloader.app.RouteCosts_Loader</logger>
  <level>INFO</level>
  <class>com.routecostloader.app.RouteCosts_Loader</class>
  <method>lambda$main$0</method>
  <thread>1</thread>
  <message>JsonToPost=&gt; From_Client:2611, To_Client:6341, JSONRequest: {"options":{"allToAll":true},"locations":[{"latLng":{"lng":-8.74044,"lat":39.10504}},{"latLng":{"lng":-8.70549,"lat":38.9876}}]}</message>
</record>
<record>
  <date>2016-03-25T14:15:38</date>
  <millis>1458911738023</millis>
  <sequence>6083</sequence>
  <logger>com.routecostloader.app.RouteCosts_Loader</logger>
  <level>INFO</level>
  <class>com.routecostloader.app.RouteCosts_Loader</class>
  <method>lambda$main$0</method>
  <thread>1</thread>
  <message>JsonToPost=&gt; From_Client:2611, To_Client:4676, JSONRequest: {"options":{"allToAll":true},"locations":[{"latLng":{"lng":-8.74044,"lat":39.10504}},{"latLng":{"lng":-8.73845,"lat":39.142}}]}</message>
</record>
<record>
  <date>2016-03-25T14:15:38</date>
  <millis>1458911738023</millis>
  <sequence>6084</sequence>
  <logger>com.routecostloader.app.RouteCosts_Loader</logger>
  <level>INFO</level>
  <class>com.routecostloader.app.RouteCosts_Loader</class>
  <method>lambda$main$0</method>
  <thread>1</thread>
  <message>JsonToPost=&gt; From_Client:401, To_Client:401, JSONRequest: {"options":{"allToAll":true},"locations":[{"latLng":{"lng":-8.75195,"lat":38.98051}},{"latLng":{"lng":-8.75195,"lat":38.98051}}]}</message>
</record>
<record>
  <date>2016-03-25T14:15:38</date>
  <millis>1458911738024</millis>
  <sequence>6085</sequence>
  <logger>com.routecostloader.app.RouteCosts_Loader</logger>
  <level>INFO</level>
  <class>com.routecostloader.app.RouteCosts_Loader</class>
  <method>lambda$main$0</method>
  <thread>1</thread>
  <message>JsonToPost=&gt; From_Client:401, To_Client:8126, JSONRequest: {"options":{"allToAll":true},"locations":[{"latLng":{"lng":-8.75195,"lat":38.98051}},{"latLng":{"lng":-8.75222,"lat":38.97537}}]}</message>
</record>
<record>
  <date>2016-03-25T14:15:38</date>
  <millis>1458911738024</millis>
  <sequence>6086</sequence>
  <logger>com.routecostloader.app.RouteCosts_Loader</logger>
  <level>INFO</level>
  <class>com.routecostloader.app.RouteCosts_Loader</class>
  <method>lambda$main$0</method>
  <thread>1</thread>
  <message>JsonToPost=&gt; From_Client:401, To_Client:6411, JSONRequest: {"options":{"allToAll":true},"locations":[{"latLng":{"lng":-8.75195,"lat":38.98051}},{"latLng":{"lng":-8.31776,"lat":39.41696}}]}</message>
</record>
<record>
  <date>2016-03-25T14:15:38</date>
  <millis>1458911738024</millis>
  <sequence>6087</sequence>
  <logger>com.routecostloader.app.RouteCosts_Loader</logger>
  <level>INFO</level>
  <class>com.routecostloader.app.RouteCosts_Loader</class>
  <method>lambda$main$0</method>
  <thread>1</thread>
  <message>JsonToPost=&gt; From_Client:401, To_Client:2381, JSONRequest: {"options":{"allToAll":true},"locations":[{"latLng":{"lng":-8.75195,"lat":38.98051}},{"latLng":{"lng":-8.77501,"lat":39.02721}}]}</message>
</record>
<record>
  <date>2016-03-25T14:15:38</date>
  <millis>1458911738024</millis>
  <sequence>6088</sequence>
  <logger>com.routecostloader.app.RouteCosts_Loader</logger>
  <level>INFO</level>
  <class>com.routecostloader.app.RouteCosts_Loader</class>
  <method>lambda$main$0</method>
  <thread>1</thread>
  <message>JsonToPost=&gt; From_Client:401, To_Client:6341, JSONRequest: {"options":{"allToAll":true},"locations":[{"latLng":{"lng":-8.75195,"lat":38.98051}},{"latLng":{"lng":-8.70549,"lat":38.9876}}]}</message>
</record>
<record>
  <date>2016-03-25T14:15:38</date>
  <millis>1458911738024</millis>
  <sequence>6089</sequence>
  <logger>com.routecostloader.app.RouteCosts_Loader</logger>
  <level>INFO</level>
  <class>com.routecostloader.app.RouteCosts_Loader</class>
  <method>lambda$main$0</method>
  <thread>1</thread>
  <message>JsonToPost=&gt; From_Client:401, To_Client:4676, JSONRequest: {"options":{"allToAll":true},"locations":[{"latLng":{"lng":-8.75195,"lat":38.98051}},{"latLng":{"lng":-8.73845,"lat":39.142}}]}</message>
</record>
<record>
  <date>2016-03-25T14:15:38</date>
  <millis>1458911738024</millis>
  <sequence>6090</sequence>
  <logger>com.routecostloader.app.RouteCosts_Loader</logger>
  <level>INFO</level>
  <class>com.routecostloader.app.RouteCosts_Loader</class>
  <method>lambda$main$0</method>
  <thread>1</thread>
  <message>JsonToPost=&gt; From_Client:8126, To_Client:8126, JSONRequest: {"options":{"allToAll":true},"locations":[{"latLng":{"lng":-8.75222,"lat":38.97537}},{"latLng":{"lng":-8.75222,"lat":38.97537}}]}</message>
</record>
<record>
  <date>2016-03-25T14:15:38</date>
  <millis>1458911738024</millis>
  <sequence>6091</sequence>
  <logger>com.routecostloader.app.RouteCosts_Loader</logger>
  <level>INFO</level>
  <class>com.routecostloader.app.RouteCosts_Loader</class>
  <method>lambda$main$0</method>
  <thread>1</thread>
  <message>JsonToPost=&gt; From_Client:8126, To_Client:6411, JSONRequest: {"options":{"allToAll":true},"locations":[{"latLng":{"lng":-8.75222,"lat":38.97537}},{"latLng":{"lng":-8.31776,"lat":39.41696}}]}</message>
</record>
<record>
  <date>2016-03-25T14:15:38</date>
  <millis>1458911738024</millis>
  <sequence>6092</sequence>
  <logger>com.routecostloader.app.RouteCosts_Loader</logger>
  <level>INFO</level>
  <class>com.routecostloader.app.RouteCosts_Loader</class>
  <method>lambda$main$0</method>
  <thread>1</thread>
  <message>JsonToPost=&gt; From_Client:8126, To_Client:2381, JSONRequest: {"options":{"allToAll":true},"locations":[{"latLng":{"lng":-8.75222,"lat":38.97537}},{"latLng":{"lng":-8.77501,"lat":39.02721}}]}</message>
</record>
<record>
  <date>2016-03-25T14:15:38</date>
  <millis>1458911738025</millis>
  <sequence>6093</sequence>
  <logger>com.routecostloader.app.RouteCosts_Loader</logger>
  <level>INFO</level>
  <class>com.routecostloader.app.RouteCosts_Loader</class>
  <method>lambda$main$0</method>
  <thread>1</thread>
  <message>JsonToPost=&gt; From_Client:8126, To_Client:6341, JSONRequest: {"options":{"allToAll":true},"locations":[{"latLng":{"lng":-8.75222,"lat":38.97537}},{"latLng":{"lng":-8.70549,"lat":38.9876}}]}</message>
</record>
<record>
  <date>2016-03-25T14:15:38</date>
  <millis>1458911738025</millis>
  <sequence>6094</sequence>
  <logger>com.routecostloader.app.RouteCosts_Loader</logger>
  <level>INFO</level>
  <class>com.routecostloader.app.RouteCosts_Loader</class>
  <method>lambda$main$0</method>
  <thread>1</thread>
  <message>JsonToPost=&gt; From_Client:8126, To_Client:4676, JSONRequest: {"options":{"allToAll":true},"locations":[{"latLng":{"lng":-8.75222,"lat":38.97537}},{"latLng":{"lng":-8.73845,"lat":39.142}}]}</message>
</record>
<record>
  <date>2016-03-25T14:15:38</date>
  <millis>1458911738025</millis>
  <sequence>6095</sequence>
  <logger>com.routecostloader.app.RouteCosts_Loader</logger>
  <level>INFO</level>
  <class>com.routecostloader.app.RouteCosts_Loader</class>
  <method>lambda$main$0</method>
  <thread>1</thread>
  <message>JsonToPost=&gt; From_Client:6411, To_Client:6411, JSONRequest: {"options":{"allToAll":true},"locations":[{"latLng":{"lng":-8.31776,"lat":39.41696}},{"latLng":{"lng":-8.31776,"lat":39.41696}}]}</message>
</record>
<record>
  <date>2016-03-25T14:15:38</date>
  <millis>1458911738025</millis>
  <sequence>6096</sequence>
  <logger>com.routecostloader.app.RouteCosts_Loader</logger>
  <level>INFO</level>
  <class>com.routecostloader.app.RouteCosts_Loader</class>
  <method>lambda$main$0</method>
  <thread>1</thread>
  <message>JsonToPost=&gt; From_Client:6411, To_Client:2381, JSONRequest: {"options":{"allToAll":true},"locations":[{"latLng":{"lng":-8.31776,"lat":39.41696}},{"latLng":{"lng":-8.77501,"lat":39.02721}}]}</message>
</record>
<record>
  <date>2016-03-25T14:15:38</date>
  <millis>1458911738025</millis>
  <sequence>6097</sequence>
  <logger>com.routecostloader.app.RouteCosts_Loader</logger>
  <level>INFO</level>
  <class>com.routecostloader.app.RouteCosts_Loader</class>
  <method>lambda$main$0</method>
  <thread>1</thread>
  <message>JsonToPost=&gt; From_Client:6411, To_Client:6341, JSONRequest: {"options":{"allToAll":true},"locations":[{"latLng":{"lng":-8.31776,"lat":39.41696}},{"latLng":{"lng":-8.70549,"lat":38.9876}}]}</message>
</record>
<record>
  <date>2016-03-25T14:15:38</date>
  <millis>1458911738025</millis>
  <sequence>6098</sequence>
  <logger>com.routecostloader.app.RouteCosts_Loader</logger>
  <level>INFO</level>
  <class>com.routecostloader.app.RouteCosts_Loader</class>
  <method>lambda$main$0</method>
  <thread>1</thread>
  <message>JsonToPost=&gt; From_Client:6411, To_Client:4676, JSONRequest: {"options":{"allToAll":true},"locations":[{"latLng":{"lng":-8.31776,"lat":39.41696}},{"latLng":{"lng":-8.73845,"lat":39.142}}]}</message>
</record>
<record>
  <date>2016-03-25T14:15:38</date>
  <millis>1458911738025</millis>
  <sequence>6099</sequence>
  <logger>com.routecostloader.app.RouteCosts_Loader</logger>
  <level>INFO</level>
  <class>com.routecostloader.app.RouteCosts_Loader</class>
  <method>lambda$main$0</method>
  <thread>1</thread>
  <message>JsonToPost=&gt; From_Client:2381, To_Client:2381, JSONRequest: {"options":{"allToAll":true},"locations":[{"latLng":{"lng":-8.77501,"lat":39.02721}},{"latLng":{"lng":-8.77501,"lat":39.02721}}]}</message>
</record>
<record>
  <date>2016-03-25T14:15:38</date>
  <millis>1458911738025</millis>
  <sequence>6100</sequence>
  <logger>com.routecostloader.app.RouteCosts_Loader</logger>
  <level>INFO</level>
  <class>com.routecostloader.app.RouteCosts_Loader</class>
  <method>lambda$main$0</method>
  <thread>1</thread>
  <message>JsonToPost=&gt; From_Client:2381, To_Client:6341, JSONRequest: {"options":{"allToAll":true},"locations":[{"latLng":{"lng":-8.77501,"lat":39.02721}},{"latLng":{"lng":-8.70549,"lat":38.9876}}]}</message>
</record>
<record>
  <date>2016-03-25T14:15:38</date>
  <millis>1458911738025</millis>
  <sequence>6101</sequence>
  <logger>com.routecostloader.app.RouteCosts_Loader</logger>
  <level>INFO</level>
  <class>com.routecostloader.app.RouteCosts_Loader</class>
  <method>lambda$main$0</method>
  <thread>1</thread>
  <message>JsonToPost=&gt; From_Client:2381, To_Client:4676, JSONRequest: {"options":{"allToAll":true},"locations":[{"latLng":{"lng":-8.77501,"lat":39.02721}},{"latLng":{"lng":-8.73845,"lat":39.142}}]}</message>
</record>
<record>
  <date>2016-03-25T14:15:38</date>
  <millis>1458911738026</millis>
  <sequence>6102</sequence>
  <logger>com.routecostloader.app.RouteCosts_Loader</logger>
  <level>INFO</level>
  <class>com.routecostloader.app.RouteCosts_Loader</class>
  <method>lambda$main$0</method>
  <thread>1</thread>
  <message>JsonToPost=&gt; From_Client:6341, To_Client:6341, JSONRequest: {"options":{"allToAll":true},"locations":[{"latLng":{"lng":-8.70549,"lat":38.9876}},{"latLng":{"lng":-8.70549,"lat":38.9876}}]}</message>
</record>
<record>
  <date>2016-03-25T14:15:38</date>
  <millis>1458911738026</millis>
  <sequence>6103</sequence>
  <logger>com.routecostloader.app.RouteCosts_Loader</logger>
  <level>INFO</level>
  <class>com.routecostloader.app.RouteCosts_Loader</class>
  <method>lambda$main$0</method>
  <thread>1</thread>
  <message>JsonToPost=&gt; From_Client:6341, To_Client:4676, JSONRequest: {"options":{"allToAll":true},"locations":[{"latLng":{"lng":-8.70549,"lat":38.9876}},{"latLng":{"lng":-8.73845,"lat":39.142}}]}</message>
</record>
<record>
  <date>2016-03-25T14:15:38</date>
  <millis>1458911738026</millis>
  <sequence>6104</sequence>
  <logger>com.routecostloader.app.RouteCosts_Loader</logger>
  <level>INFO</level>
  <class>com.routecostloader.app.RouteCosts_Loader</class>
  <method>lambda$main$0</method>
  <thread>1</thread>
  <message>JsonToPost=&gt; From_Client:4676, To_Client:4676, JSONRequest: {"options":{"allToAll":true},"locations":[{"latLng":{"lng":-8.73845,"lat":39.142}},{"latLng":{"lng":-8.73845,"lat":39.142}}]}</message>
</record>
</log>
<?xml version="1.0" encoding="UTF-8" standalone="no"?>
<!DOCTYPE log SYSTEM "logger.dtd">
<log>
</log>
<?xml version="1.0" encoding="UTF-8" standalone="no"?>
<!DOCTYPE log SYSTEM "logger.dtd">
<log>
</log>
<?xml version="1.0" encoding="UTF-8" standalone="no"?>
<!DOCTYPE log SYSTEM "logger.dtd">
<log>
</log>
<?xml version="1.0" encoding="UTF-8" standalone="no"?>
<!DOCTYPE log SYSTEM "logger.dtd">
<log>
</log>
<?xml version="1.0" encoding="UTF-8" standalone="no"?>
<!DOCTYPE log SYSTEM "logger.dtd">
<log>
</log>
<?xml version="1.0" encoding="UTF-8" standalone="no"?>
<!DOCTYPE log SYSTEM "logger.dtd">
<log>
</log>
<?xml version="1.0" encoding="UTF-8" standalone="no"?>
<!DOCTYPE log SYSTEM "logger.dtd">
<log>
</log>
<?xml version="1.0" encoding="UTF-8" standalone="no"?>
<!DOCTYPE log SYSTEM "logger.dtd">
<log>
</log>
<?xml version="1.0" encoding="UTF-8" standalone="no"?>
<!DOCTYPE log SYSTEM "logger.dtd">
<log>
</log>
<?xml version="1.0" encoding="UTF-8" standalone="no"?>
<!DOCTYPE log SYSTEM "logger.dtd">
<log>
</log>
